<?xml version="1.0" encoding="UTF-8"?>
<!-- Generated by org.testng.reporters.JUnitReportReporter -->
<testsuite skipped="0" hostname="LIS-FBTY0G2" name="be.ap.test.DemoSeleniumTest" tests="1" failures="0" timestamp="17 set 2020 16:04:16 GMT" time="56.826" errors="0">
  <testcase name="feature" time="56.826" classname="be.ap.test.DemoSeleniumTest"/>
</testsuite> <!-- be.ap.test.DemoSeleniumTest -->
